2022-04-25 16:45:54,352-ERROR-FILE:main.py-FUNC:<module>-LINE:167-(1044, "Access denied for user 'peng_yam'@'%' to database 'db_myanimelist'")
2022-04-25 16:47:04,070-ERROR-FILE:main.py-FUNC:<module>-LINE:167-(1044, "Access denied for user 'peng_yam'@'%' to database 'db_myanimelist'")
2022-04-25 16:47:47,202-ERROR-FILE:main.py-FUNC:<module>-LINE:167-(1044, "Access denied for user 'peng_yam'@'%' to database 'db_myanimelist'")
2022-04-25 16:48:39,081-ERROR-FILE:main.py-FUNC:<module>-LINE:167-(1044, "Access denied for user 'peng_yam'@'%' to database 'db_myanimelist'")
2022-04-25 17:10:37,333-ERROR-FILE:config.py-FUNC:_get_connection-LINE:48-Error: Database connection error! Please check your connection/username/password is correct!
2022-04-25 17:11:15,968-ERROR-FILE:config.py-FUNC:_get_connection-LINE:48-Error: Database connection error! Please check your connection/username/password is correct!
2022-04-25 17:15:18,891-ERROR-FILE:main.py-FUNC:<module>-LINE:167-(pymysql.err.OperationalError) (1049, "Unknown database 'peng_yam'")
(Background on this error at: https://sqlalche.me/e/14/e3q8)
2022-04-25 17:16:06,201-ERROR-FILE:main.py-FUNC:<module>-LINE:167-(pymysql.err.OperationalError) (1049, "Unknown database 'peng_yam'")
(Background on this error at: https://sqlalche.me/e/14/e3q8)
2022-04-25 17:17:41,765-ERROR-FILE:main.py-FUNC:<module>-LINE:167-(pymysql.err.OperationalError) (1049, "Unknown database 'peng_yam'")
(Background on this error at: https://sqlalche.me/e/14/e3q8)
2022-04-25 17:18:15,580-ERROR-FILE:main.py-FUNC:<module>-LINE:167-(pymysql.err.OperationalError) (1049, "Unknown database 'peng_yam'")
(Background on this error at: https://sqlalche.me/e/14/e3q8)
2022-04-25 18:32:10,228-ERROR-FILE:main.py-FUNC:main-LINE:105-(1046, 'No database selected'): scrap anime https://myanimelist.net/anime/5114/Fullmetal_Alchemist__Brotherhood
2022-04-25 18:32:13,095-ERROR-FILE:main.py-FUNC:main-LINE:105-(1046, 'No database selected'): scrap anime https://myanimelist.net/anime/28977/Gintama°
2022-04-25 18:32:15,930-ERROR-FILE:main.py-FUNC:main-LINE:105-(1046, 'No database selected'): scrap anime https://myanimelist.net/anime/50265/Spy_x_Family
2022-04-25 18:32:18,756-ERROR-FILE:main.py-FUNC:main-LINE:105-(1046, 'No database selected'): scrap anime https://myanimelist.net/anime/38524/Shingeki_no_Kyojin_Season_3_Part_2
2022-04-25 18:32:21,647-ERROR-FILE:main.py-FUNC:main-LINE:105-(1046, 'No database selected'): scrap anime https://myanimelist.net/anime/9253/Steins_Gate
2022-04-25 18:32:47,627-ERROR-FILE:main.py-FUNC:main-LINE:105-(1046, 'No database selected'): scrap anime https://myanimelist.net/anime/5114/Fullmetal_Alchemist__Brotherhood
2022-04-25 18:32:50,481-ERROR-FILE:main.py-FUNC:main-LINE:105-(1046, 'No database selected'): scrap anime https://myanimelist.net/anime/28977/Gintama°
2022-04-25 18:32:53,270-ERROR-FILE:main.py-FUNC:main-LINE:105-(1046, 'No database selected'): scrap anime https://myanimelist.net/anime/50265/Spy_x_Family
2022-04-25 18:35:42,298-ERROR-FILE:main.py-FUNC:main-LINE:105-(1046, 'No database selected'): scrap anime https://myanimelist.net/anime/5114/Fullmetal_Alchemist__Brotherhood
2022-04-25 18:35:44,960-ERROR-FILE:main.py-FUNC:main-LINE:105-(1046, 'No database selected'): scrap anime https://myanimelist.net/anime/28977/Gintama°
2022-04-25 18:35:47,930-ERROR-FILE:main.py-FUNC:main-LINE:105-(1046, 'No database selected'): scrap anime https://myanimelist.net/anime/50265/Spy_x_Family
2022-04-25 18:35:50,503-ERROR-FILE:main.py-FUNC:main-LINE:105-(1046, 'No database selected'): scrap anime https://myanimelist.net/anime/38524/Shingeki_no_Kyojin_Season_3_Part_2
2022-04-25 18:35:52,946-ERROR-FILE:main.py-FUNC:main-LINE:105-(1046, 'No database selected'): scrap anime https://myanimelist.net/anime/9253/Steins_Gate
2022-04-25 18:36:43,874-ERROR-FILE:main.py-FUNC:main-LINE:105-(1046, 'No database selected'): scrap anime https://myanimelist.net/anime/5114/Fullmetal_Alchemist__Brotherhood
2022-04-25 18:36:46,583-ERROR-FILE:main.py-FUNC:main-LINE:105-(1046, 'No database selected'): scrap anime https://myanimelist.net/anime/28977/Gintama°
2022-04-25 18:36:49,149-ERROR-FILE:main.py-FUNC:main-LINE:105-(1046, 'No database selected'): scrap anime https://myanimelist.net/anime/50265/Spy_x_Family
2022-04-25 18:36:51,858-ERROR-FILE:main.py-FUNC:main-LINE:105-(1046, 'No database selected'): scrap anime https://myanimelist.net/anime/38524/Shingeki_no_Kyojin_Season_3_Part_2
2022-04-25 18:36:54,035-ERROR-FILE:main.py-FUNC:main-LINE:105-(1046, 'No database selected'): scrap anime https://myanimelist.net/anime/9253/Steins_Gate
2022-04-25 18:37:28,079-ERROR-FILE:main.py-FUNC:main-LINE:105-(1046, 'No database selected'): scrap anime https://myanimelist.net/anime/5114/Fullmetal_Alchemist__Brotherhood
2022-04-25 19:06:44,849-ERROR-FILE:main.py-FUNC:main-LINE:105-(1046, 'No database selected'): scrap anime https://myanimelist.net/anime/5114/Fullmetal_Alchemist__Brotherhood
2022-04-25 19:06:47,595-ERROR-FILE:main.py-FUNC:main-LINE:105-(1046, 'No database selected'): scrap anime https://myanimelist.net/anime/28977/Gintama°
2022-04-25 19:10:31,285-ERROR-FILE:main.py-FUNC:main-LINE:105-(1046, 'No database selected'): scrap anime https://myanimelist.net/anime/5114/Fullmetal_Alchemist__Brotherhood
2022-04-25 19:10:34,257-ERROR-FILE:main.py-FUNC:main-LINE:105-(1046, 'No database selected'): scrap anime https://myanimelist.net/anime/28977/Gintama°
2022-04-25 19:12:11,654-ERROR-FILE:main.py-FUNC:main-LINE:105-(1046, 'No database selected'): scrap anime https://myanimelist.net/anime/5114/Fullmetal_Alchemist__Brotherhood
2022-04-25 19:12:13,306-ERROR-FILE:main.py-FUNC:main-LINE:105-(1046, 'No database selected'): scrap anime https://myanimelist.net/anime/28977/Gintama°
2022-04-25 19:12:14,522-ERROR-FILE:main.py-FUNC:main-LINE:105-(1046, 'No database selected'): scrap anime https://myanimelist.net/anime/50265/Spy_x_Family
2022-04-25 19:13:19,615-ERROR-FILE:main.py-FUNC:main-LINE:105-(1046, 'No database selected'): scrap anime https://myanimelist.net/anime/5114/Fullmetal_Alchemist__Brotherhood
2022-04-25 19:15:00,167-ERROR-FILE:main.py-FUNC:main-LINE:105-(1046, 'No database selected'): scrap anime https://myanimelist.net/anime/5114/Fullmetal_Alchemist__Brotherhood
2022-04-25 19:15:01,453-ERROR-FILE:main.py-FUNC:main-LINE:105-(1046, 'No database selected'): scrap anime https://myanimelist.net/anime/28977/Gintama°
2022-04-25 19:15:03,147-ERROR-FILE:main.py-FUNC:main-LINE:105-(1046, 'No database selected'): scrap anime https://myanimelist.net/anime/50265/Spy_x_Family
2022-04-25 19:15:04,952-ERROR-FILE:main.py-FUNC:main-LINE:105-(1046, 'No database selected'): scrap anime https://myanimelist.net/anime/38524/Shingeki_no_Kyojin_Season_3_Part_2
2022-04-25 19:15:06,791-ERROR-FILE:main.py-FUNC:main-LINE:105-(1046, 'No database selected'): scrap anime https://myanimelist.net/anime/9253/Steins_Gate
2022-04-25 19:15:08,102-ERROR-FILE:main.py-FUNC:main-LINE:105-'NoneType' object is not subscriptable: scrap anime https://myanimelist.net/anime/9969/Gintama
2022-04-25 19:15:10,039-ERROR-FILE:main.py-FUNC:main-LINE:105-(1046, 'No database selected'): scrap anime https://myanimelist.net/anime/11061/Hunter_x_Hunter_2011
2022-04-25 19:16:03,110-ERROR-FILE:main.py-FUNC:main-LINE:105-(1046, 'No database selected'): scrap anime https://myanimelist.net/anime/5114/Fullmetal_Alchemist__Brotherhood
2022-04-25 19:16:04,297-ERROR-FILE:main.py-FUNC:main-LINE:105-(1046, 'No database selected'): scrap anime https://myanimelist.net/anime/28977/Gintama°
2022-04-25 19:16:05,922-ERROR-FILE:main.py-FUNC:main-LINE:105-(1046, 'No database selected'): scrap anime https://myanimelist.net/anime/50265/Spy_x_Family
2022-04-25 19:16:07,687-ERROR-FILE:main.py-FUNC:main-LINE:105-(1046, 'No database selected'): scrap anime https://myanimelist.net/anime/38524/Shingeki_no_Kyojin_Season_3_Part_2
2022-04-25 19:16:09,462-ERROR-FILE:main.py-FUNC:main-LINE:105-(1046, 'No database selected'): scrap anime https://myanimelist.net/anime/9253/Steins_Gate
2022-04-25 19:17:00,952-ERROR-FILE:main.py-FUNC:main-LINE:105-(1046, 'No database selected'): scrap anime https://myanimelist.net/anime/5114/Fullmetal_Alchemist__Brotherhood
2022-04-25 19:17:02,037-ERROR-FILE:main.py-FUNC:main-LINE:105-(1046, 'No database selected'): scrap anime https://myanimelist.net/anime/28977/Gintama°
2022-04-25 19:17:03,641-ERROR-FILE:main.py-FUNC:main-LINE:105-(1046, 'No database selected'): scrap anime https://myanimelist.net/anime/50265/Spy_x_Family
2022-04-25 19:17:04,701-ERROR-FILE:main.py-FUNC:main-LINE:105-(1046, 'No database selected'): scrap anime https://myanimelist.net/anime/38524/Shingeki_no_Kyojin_Season_3_Part_2
2022-04-25 19:18:07,613-ERROR-FILE:main.py-FUNC:main-LINE:105-(1046, 'No database selected'): scrap anime https://myanimelist.net/anime/5114/Fullmetal_Alchemist__Brotherhood
2022-04-25 19:18:09,175-ERROR-FILE:main.py-FUNC:main-LINE:105-(1046, 'No database selected'): scrap anime https://myanimelist.net/anime/28977/Gintama°
2022-04-25 19:18:10,790-ERROR-FILE:main.py-FUNC:main-LINE:105-(1046, 'No database selected'): scrap anime https://myanimelist.net/anime/50265/Spy_x_Family
2022-04-25 19:18:12,189-ERROR-FILE:main.py-FUNC:main-LINE:105-(1046, 'No database selected'): scrap anime https://myanimelist.net/anime/38524/Shingeki_no_Kyojin_Season_3_Part_2
2022-04-25 19:18:13,439-ERROR-FILE:main.py-FUNC:main-LINE:105-(1046, 'No database selected'): scrap anime https://myanimelist.net/anime/9253/Steins_Gate
2022-04-25 19:18:45,585-ERROR-FILE:main.py-FUNC:main-LINE:105-(1046, 'No database selected'): scrap anime https://myanimelist.net/anime/5114/Fullmetal_Alchemist__Brotherhood
2022-04-25 19:18:47,069-ERROR-FILE:main.py-FUNC:main-LINE:105-(1046, 'No database selected'): scrap anime https://myanimelist.net/anime/28977/Gintama°
2022-04-25 19:18:48,684-ERROR-FILE:main.py-FUNC:main-LINE:105-(1046, 'No database selected'): scrap anime https://myanimelist.net/anime/50265/Spy_x_Family
2022-04-25 19:18:49,917-ERROR-FILE:main.py-FUNC:main-LINE:105-(1046, 'No database selected'): scrap anime https://myanimelist.net/anime/38524/Shingeki_no_Kyojin_Season_3_Part_2
2022-04-25 19:18:51,640-ERROR-FILE:main.py-FUNC:main-LINE:105-(1046, 'No database selected'): scrap anime https://myanimelist.net/anime/9253/Steins_Gate
2022-04-25 19:18:52,850-ERROR-FILE:main.py-FUNC:main-LINE:105-(1046, 'No database selected'): scrap anime https://myanimelist.net/anime/9969/Gintama
2022-04-25 19:19:13,472-ERROR-FILE:main.py-FUNC:main-LINE:105-(1046, 'No database selected'): scrap anime https://myanimelist.net/anime/5114/Fullmetal_Alchemist__Brotherhood
2022-04-25 19:19:15,157-ERROR-FILE:main.py-FUNC:main-LINE:105-(1046, 'No database selected'): scrap anime https://myanimelist.net/anime/28977/Gintama°
2022-04-25 19:19:16,707-ERROR-FILE:main.py-FUNC:main-LINE:105-(1046, 'No database selected'): scrap anime https://myanimelist.net/anime/50265/Spy_x_Family
2022-04-25 19:19:18,409-ERROR-FILE:main.py-FUNC:main-LINE:105-(1046, 'No database selected'): scrap anime https://myanimelist.net/anime/38524/Shingeki_no_Kyojin_Season_3_Part_2
2022-04-25 19:19:20,154-ERROR-FILE:main.py-FUNC:main-LINE:105-(1046, 'No database selected'): scrap anime https://myanimelist.net/anime/9253/Steins_Gate
2022-04-25 19:20:24,704-ERROR-FILE:main.py-FUNC:main-LINE:105-(1046, 'No database selected'): scrap anime https://myanimelist.net/anime/5114/Fullmetal_Alchemist__Brotherhood
2022-04-25 19:20:26,458-ERROR-FILE:main.py-FUNC:main-LINE:105-(1046, 'No database selected'): scrap anime https://myanimelist.net/anime/28977/Gintama°
